app/build/outputs/logs/manifest-merger-debug-report.txt
-- Merging decision tree log ---
manifest
ADDED from src/main/AndroidManifest.xml:2:1-139:12
	package
		ADDED from src/main/AndroidManifest.xml:3:5-24
		INJECTED from src/main/AndroidManifest.xml
		INJECTED from src/main/AndroidManifest.xml
	android:versionName
		ADDED from src/main/AndroidManifest.xml:5:5-28
		INJECTED from src/main/AndroidManifest.xml
		INJECTED from src/main/AndroidManifest.xml
	android:versionCode
		ADDED from src/main/AndroidManifest.xml:4:5-28
		INJECTED from src/main/AndroidManifest.xml
		INJECTED from src/main/AndroidManifest.xml
	xmlns:android
		ADDED from src/main/AndroidManifest.xml:2:11-69
	android:installLocation
		ADDED from src/main/AndroidManifest.xml:6:5-35
uses-sdk
ADDED from src/main/AndroidManifest.xml:9:5-10:40
	android:targetSdkVersion
		ADDED from src/main/AndroidManifest.xml:10:9-38
		INJECTED from src/main/AndroidManifest.xml
		INJECTED from src/main/AndroidManifest.xml
	android:minSdkVersion
		ADDED from src/main/AndroidManifest.xml:9:15-41
		INJECTED from src/main/AndroidManifest.xml
		INJECTED from src/main/AndroidManifest.xml
supports-screens
ADDED from src/main/AndroidManifest.xml:12:1-16:38
	android:smallScreens
		ADDED from src/main/AndroidManifest.xml:14:9-36
	android:normalScreens
		ADDED from src/main/AndroidManifest.xml:13:9-37
	android:anyDensity
		ADDED from src/main/AndroidManifest.xml:16:9-35
application
ADDED from src/main/AndroidManifest.xml:18:5-135:19
	android:label
		ADDED from src/main/AndroidManifest.xml:20:9-41
	android:icon
		ADDED from src/main/AndroidManifest.xml:19:9-44
activity#pic.words.Splash
ADDED from src/main/AndroidManifest.xml:21:9-32:24
	android:screenOrientation
		ADDED from src/main/AndroidManifest.xml:26:17-53
	android:label
		ADDED from src/main/AndroidManifest.xml:25:13-45
	android:theme
		ADDED from src/main/AndroidManifest.xml:24:13-77
	android:name
		ADDED from src/main/AndroidManifest.xml:22:13-35
intent-filter#android.intent.action.MAIN+android.intent.category.LAUNCHER
ADDED from src/main/AndroidManifest.xml:27:13-31:29
action#android.intent.action.MAIN
ADDED from src/main/AndroidManifest.xml:28:17-69
	android:name
		ADDED from src/main/AndroidManifest.xml:28:25-66
category#android.intent.category.LAUNCHER
ADDED from src/main/AndroidManifest.xml:30:17-77
	android:name
		ADDED from src/main/AndroidManifest.xml:30:27-74
activity#pic.words.PictionaryActivity
ADDED from src/main/AndroidManifest.xml:36:2-40:17
	android:screenOrientation
		ADDED from src/main/AndroidManifest.xml:39:23-59
	android:label
		ADDED from src/main/AndroidManifest.xml:38:19-51
	android:name
		ADDED from src/main/AndroidManifest.xml:37:19-53
activity#pic.words.Error
ADDED from src/main/AndroidManifest.xml:42:1-46:17
	android:screenOrientation
		ADDED from src/main/AndroidManifest.xml:45:23-59
	android:label
		ADDED from src/main/AndroidManifest.xml:44:19-51
	android:name
		ADDED from src/main/AndroidManifest.xml:43:19-40
activity#pic.words.RootWordsDisplaying
ADDED from src/main/AndroidManifest.xml:48:1-52:17
	android:screenOrientation
		ADDED from src/main/AndroidManifest.xml:51:23-59
	android:label
		ADDED from src/main/AndroidManifest.xml:50:19-51
	android:name
		ADDED from src/main/AndroidManifest.xml:49:19-54
activity#pic.words.RootAzentering
ADDED from src/main/AndroidManifest.xml:53:1-57:17
	android:screenOrientation
		ADDED from src/main/AndroidManifest.xml:56:23-59
	android:label
		ADDED from src/main/AndroidManifest.xml:55:19-51
	android:name
		ADDED from src/main/AndroidManifest.xml:54:19-49
activity#pic.words.RootClass
ADDED from src/main/AndroidManifest.xml:59:8-63:17
	android:screenOrientation
		ADDED from src/main/AndroidManifest.xml:62:23-59
	android:label
		ADDED from src/main/AndroidManifest.xml:61:19-51
	android:name
		ADDED from src/main/AndroidManifest.xml:60:19-44
activity#pic.words.DisplayingWord
ADDED from src/main/AndroidManifest.xml:65:1-69:17
	android:screenOrientation
		ADDED from src/main/AndroidManifest.xml:68:23-59
	android:label
		ADDED from src/main/AndroidManifest.xml:67:19-51
	android:name
		ADDED from src/main/AndroidManifest.xml:66:19-49
activity#pic.words.TestResult
ADDED from src/main/AndroidManifest.xml:72:1-76:17
	android:screenOrientation
		ADDED from src/main/AndroidManifest.xml:75:23-59
	android:label
		ADDED from src/main/AndroidManifest.xml:74:19-51
	android:name
		ADDED from src/main/AndroidManifest.xml:73:19-45
activity#pic.words.Search
ADDED from src/main/AndroidManifest.xml:81:2-85:17
	android:screenOrientation
		ADDED from src/main/AndroidManifest.xml:84:23-59
	android:label
		ADDED from src/main/AndroidManifest.xml:83:19-51
	android:name
		ADDED from src/main/AndroidManifest.xml:82:19-41
activity#pic.words.disp
ADDED from src/main/AndroidManifest.xml:88:2-92:17
	android:screenOrientation
		ADDED from src/main/AndroidManifest.xml:91:23-59
	android:label
		ADDED from src/main/AndroidManifest.xml:90:19-51
	android:name
		ADDED from src/main/AndroidManifest.xml:89:19-39
activity#pic.words.Atoz
ADDED from src/main/AndroidManifest.xml:94:3-98:17
	android:screenOrientation
		ADDED from src/main/AndroidManifest.xml:97:23-59
	android:label
		ADDED from src/main/AndroidManifest.xml:96:19-51
	android:name
		ADDED from src/main/AndroidManifest.xml:95:19-39
activity#pic.words.Azentering
ADDED from src/main/AndroidManifest.xml:100:2-104:17
	android:screenOrientation
		ADDED from src/main/AndroidManifest.xml:103:23-59
	android:label
		ADDED from src/main/AndroidManifest.xml:102:19-51
	android:name
		ADDED from src/main/AndroidManifest.xml:101:19-45
activity#pic.words.Random
ADDED from src/main/AndroidManifest.xml:107:3-111:17
	android:screenOrientation
		ADDED from src/main/AndroidManifest.xml:110:23-59
	android:label
		ADDED from src/main/AndroidManifest.xml:109:19-51
	android:name
		ADDED from src/main/AndroidManifest.xml:108:19-41
activity#pic.words.PictionaryTest
ADDED from src/main/AndroidManifest.xml:113:4-117:17
	android:screenOrientation
		ADDED from src/main/AndroidManifest.xml:116:23-59
	android:label
		ADDED from src/main/AndroidManifest.xml:115:19-51
	android:name
		ADDED from src/main/AndroidManifest.xml:114:19-49
activity#pic.words.SimpleGestureFilter
ADDED from src/main/AndroidManifest.xml:119:4-123:17
	android:screenOrientation
		ADDED from src/main/AndroidManifest.xml:122:23-59
	android:label
		ADDED from src/main/AndroidManifest.xml:121:19-51
	android:name
		ADDED from src/main/AndroidManifest.xml:120:19-54
receiver#pic.words.PictionaryWidget
ADDED from src/main/AndroidManifest.xml:129:10-134:14
	android:name
		ADDED from src/main/AndroidManifest.xml:129:20-52
intent-filter#android.appwidget.action.APPWIDGET_UPDATE
ADDED from src/main/AndroidManifest.xml:130:4-132:20
action#android.appwidget.action.APPWIDGET_UPDATE
ADDED from src/main/AndroidManifest.xml:131:5-72
	android:name
		ADDED from src/main/AndroidManifest.xml:131:13-69
meta-data#android.appwidget.provider
ADDED from src/main/AndroidManifest.xml:133:4-104
	android:resource
		ADDED from src/main/AndroidManifest.xml:133:57-101
	android:name
		ADDED from src/main/AndroidManifest.xml:133:15-56